-------------------------------------------------------------------------------
Test set: com.fia.avance1.PnFoodsApplicationTests
-------------------------------------------------------------------------------
Tests run: 1, Failures: 0, Errors: 1, Skipped: 0, Time elapsed: 0.92 s <<< FAILURE! - in com.fia.avance1.PnFoodsApplicationTests
com.fia.avance1.PnFoodsApplicationTests  Time elapsed: 0.903 s  <<< ERROR!
java.lang.IllegalStateException: Unable to find a @SpringBootConfiguration, you need to use @ContextConfiguration or @SpringBootTest(classes=...) with your test

